2022-12-30 04:23:39.881 | DEBUG    | hcaptcha_challenger._solutions.kernel:_request_asset:320 - Downloading objects.yaml from https://raw.githubusercontent.com/QIN2DIM/hcaptcha-challenger/main/src/objects.yaml
2022-12-30 04:23:39.978 | DEBUG    | hcaptcha_challenger._solutions.kernel:request_assets:148 - Pulling AssetsObject from https://api.github.com/repos/QIN2DIM/hcaptcha-challenger/releases
2022-12-30 04:23:40.212 | DEBUG    | hcaptcha_challenger._solutions.kernel:_request_asset:320 - Downloading yolov6n.onnx from https://github.com/QIN2DIM/hcaptcha-challenger/releases/download/model/yolov6n.onnx
2022-12-30 04:23:43.480 | INFO     | services.deploy:job_loop_claim:104 - >> STARTUP [AwesomeScheduler] SynergyTunnel - version=0.4.4-dev Pattern=False
2022-12-30 04:23:46.453 | INFO     | services.bricklayer.core:refresh_ctx_cookies:691 - >> MATCH [__context__] 🎮启动挑战者上下文
2022-12-30 04:23:46.507 | INFO     | services.bricklayer.core:login:491 - >> MATCH [CookieManager] 刷新令牌
2022-12-30 04:23:57.436 | INFO     | services.bricklayer.core:login:526 - >> MATCH [CookieManager] 实体信息注入完毕
2022-12-30 04:23:57.436 | INFO     | services.bricklayer.core:fall_in_captcha_login:36 - >> ARMOR [ArmorUtils] 正在检测隐藏在登录界面的人机挑战...
2022-12-30 04:23:59.648 | DEBUG    | hcaptcha_challenger.core:log:315 - >> Challenge [ArmorCaptcha] Get label - label=「瓢虫」
2022-12-30 04:23:59.648 | DEBUG    | hcaptcha_challenger.core:log:315 - >> Challenge [ArmorCaptcha] 正在编排索引
2022-12-30 04:24:00.280 | DEBUG    | hcaptcha_challenger.core:log:315 - >> Challenge [ArmorCaptcha] 正在下载挑战图片
2022-12-30 04:24:01.685 | DEBUG    | hcaptcha_challenger.core:log:315 - >> Challenge [ArmorCaptcha] Download challenge images - timeit=1.4s
2022-12-30 04:24:01.691 | DEBUG    | hcaptcha_challenger._solutions.kernel:_request_asset:320 - Downloading ladybug.onnx from https://github.com/QIN2DIM/hcaptcha-challenger/releases/download/model/ladybug.onnx
2022-12-30 04:24:03.998 | DEBUG    | hcaptcha_challenger.core:log:315 - >> Challenge [ArmorCaptcha] Submit the challenge - ladybug(ResNet)_model: 0.73s
2022-12-30 04:24:04.015 | DEBUG    | hcaptcha_challenger.core:log:315 - >> Challenge [ArmorCaptcha] 获取响应 - desc=继续挑战(continue)
2022-12-30 04:24:06.038 | DEBUG    | hcaptcha_challenger.core:log:315 - >> Challenge [ArmorCaptcha] Get label - label=「瓢虫」
2022-12-30 04:24:06.038 | DEBUG    | hcaptcha_challenger.core:log:315 - >> Challenge [ArmorCaptcha] 正在编排索引
2022-12-30 04:24:06.629 | DEBUG    | hcaptcha_challenger.core:log:315 - >> Challenge [ArmorCaptcha] 正在下载挑战图片
2022-12-30 04:24:07.993 | DEBUG    | hcaptcha_challenger.core:log:315 - >> Challenge [ArmorCaptcha] Download challenge images - timeit=1.36s
2022-12-30 04:24:09.772 | DEBUG    | hcaptcha_challenger.core:log:315 - >> Challenge [ArmorCaptcha] Submit the challenge - ladybug(ResNet)_model: 0.01s
2022-12-30 04:24:09.806 | DEBUG    | hcaptcha_challenger.core:log:315 - >> Challenge [ArmorCaptcha] Checkout - status=再试一次
2022-12-30 04:24:09.806 | DEBUG    | hcaptcha_challenger.core:log:315 - >> Challenge [ArmorCaptcha] 获取响应 - desc=继续挑战(continue)
2022-12-30 04:24:11.809 | INFO     | services.bricklayer.core:login:491 - >> MATCH [CookieManager] 刷新令牌
2022-12-30 04:24:21.426 | INFO     | services.bricklayer.core:login:526 - >> MATCH [CookieManager] 实体信息注入完毕
2022-12-30 04:24:21.426 | INFO     | services.bricklayer.core:fall_in_captcha_login:36 - >> ARMOR [ArmorUtils] 正在检测隐藏在登录界面的人机挑战...
2022-12-30 04:24:23.574 | DEBUG    | hcaptcha_challenger.core:log:315 - >> Challenge [ArmorCaptcha] Get label - label=「向日葵」
2022-12-30 04:24:23.575 | DEBUG    | hcaptcha_challenger.core:log:315 - >> Challenge [ArmorCaptcha] 正在编排索引
2022-12-30 04:24:23.996 | DEBUG    | hcaptcha_challenger.core:log:315 - >> Challenge [ArmorCaptcha] 正在下载挑战图片
2022-12-30 04:24:25.248 | DEBUG    | hcaptcha_challenger.core:log:315 - >> Challenge [ArmorCaptcha] Download challenge images - timeit=1.25s
2022-12-30 04:24:25.251 | DEBUG    | hcaptcha_challenger._solutions.kernel:_request_asset:320 - Downloading sunflower.onnx from https://github.com/QIN2DIM/hcaptcha-challenger/releases/download/model/sunflower.onnx
2022-12-30 04:24:28.010 | DEBUG    | hcaptcha_challenger.core:log:315 - >> Challenge [ArmorCaptcha] Submit the challenge - sunflower(ResNet)_model: 1.1s
2022-12-30 04:24:28.020 | DEBUG    | hcaptcha_challenger.core:log:315 - >> Challenge [ArmorCaptcha] 获取响应 - desc=继续挑战(continue)
2022-12-30 04:24:30.036 | DEBUG    | hcaptcha_challenger.core:log:315 - >> Challenge [ArmorCaptcha] Get label - label=「向日葵」
2022-12-30 04:24:30.037 | DEBUG    | hcaptcha_challenger.core:log:315 - >> Challenge [ArmorCaptcha] 正在编排索引
2022-12-30 04:24:30.449 | DEBUG    | hcaptcha_challenger.core:log:315 - >> Challenge [ArmorCaptcha] 正在下载挑战图片
2022-12-30 04:24:31.632 | DEBUG    | hcaptcha_challenger.core:log:315 - >> Challenge [ArmorCaptcha] Download challenge images - timeit=1.18s
2022-12-30 04:24:33.493 | DEBUG    | hcaptcha_challenger.core:log:315 - >> Challenge [ArmorCaptcha] Submit the challenge - sunflower(ResNet)_model: 0.01s
2022-12-30 04:24:33.512 | DEBUG    | hcaptcha_challenger.core:log:315 - >> Challenge [ArmorCaptcha] Checkout - status=再试一次
2022-12-30 04:24:33.512 | DEBUG    | hcaptcha_challenger.core:log:315 - >> Challenge [ArmorCaptcha] 获取响应 - desc=继续挑战(continue)
2022-12-30 04:24:35.516 | INFO     | services.bricklayer.core:login:491 - >> MATCH [CookieManager] 刷新令牌
2022-12-30 04:24:43.828 | INFO     | services.bricklayer.core:login:526 - >> MATCH [CookieManager] 实体信息注入完毕
2022-12-30 04:24:43.829 | INFO     | services.bricklayer.core:fall_in_captcha_login:36 - >> ARMOR [ArmorUtils] 正在检测隐藏在登录界面的人机挑战...
2022-12-30 04:24:45.956 | DEBUG    | hcaptcha_challenger.core:log:315 - >> Challenge [ArmorCaptcha] Get label - label=「瓢虫」
2022-12-30 04:24:45.956 | DEBUG    | hcaptcha_challenger.core:log:315 - >> Challenge [ArmorCaptcha] 正在编排索引
2022-12-30 04:24:46.419 | DEBUG    | hcaptcha_challenger.core:log:315 - >> Challenge [ArmorCaptcha] 正在下载挑战图片
2022-12-30 04:24:47.782 | DEBUG    | hcaptcha_challenger.core:log:315 - >> Challenge [ArmorCaptcha] Download challenge images - timeit=1.36s
2022-12-30 04:24:49.322 | DEBUG    | hcaptcha_challenger.core:log:315 - >> Challenge [ArmorCaptcha] Submit the challenge - ladybug(ResNet)_model: 0.01s
2022-12-30 04:24:49.334 | DEBUG    | hcaptcha_challenger.core:log:315 - >> Challenge [ArmorCaptcha] 获取响应 - desc=继续挑战(continue)
2022-12-30 04:24:51.351 | DEBUG    | hcaptcha_challenger.core:log:315 - >> Challenge [ArmorCaptcha] Get label - label=「瓢虫」
2022-12-30 04:24:51.352 | DEBUG    | hcaptcha_challenger.core:log:315 - >> Challenge [ArmorCaptcha] 正在编排索引
2022-12-30 04:24:51.769 | DEBUG    | hcaptcha_challenger.core:log:315 - >> Challenge [ArmorCaptcha] 正在下载挑战图片
2022-12-30 04:24:53.191 | DEBUG    | hcaptcha_challenger.core:log:315 - >> Challenge [ArmorCaptcha] Download challenge images - timeit=1.42s
2022-12-30 04:24:54.709 | DEBUG    | hcaptcha_challenger.core:log:315 - >> Challenge [ArmorCaptcha] Submit the challenge - ladybug(ResNet)_model: 0.01s
2022-12-30 04:24:54.727 | DEBUG    | hcaptcha_challenger.core:log:315 - >> Challenge [ArmorCaptcha] Checkout - status=再试一次
2022-12-30 04:24:54.728 | DEBUG    | hcaptcha_challenger.core:log:315 - >> Challenge [ArmorCaptcha] 获取响应 - desc=继续挑战(continue)
2022-12-30 04:24:56.730 | INFO     | services.bricklayer.core:login:491 - >> MATCH [CookieManager] 刷新令牌
2022-12-30 04:25:08.036 | INFO     | services.bricklayer.core:login:526 - >> MATCH [CookieManager] 实体信息注入完毕
2022-12-30 04:25:08.036 | INFO     | services.bricklayer.core:fall_in_captcha_login:36 - >> ARMOR [ArmorUtils] 正在检测隐藏在登录界面的人机挑战...
2022-12-30 04:25:10.192 | DEBUG    | hcaptcha_challenger.core:log:315 - >> Challenge [ArmorCaptcha] Get label - label=「瓢虫」
2022-12-30 04:25:10.192 | DEBUG    | hcaptcha_challenger.core:log:315 - >> Challenge [ArmorCaptcha] 正在编排索引
2022-12-30 04:25:10.577 | DEBUG    | hcaptcha_challenger.core:log:315 - >> Challenge [ArmorCaptcha] 正在下载挑战图片
2022-12-30 04:25:11.715 | DEBUG    | hcaptcha_challenger.core:log:315 - >> Challenge [ArmorCaptcha] Download challenge images - timeit=1.14s
2022-12-30 04:25:13.392 | DEBUG    | hcaptcha_challenger.core:log:315 - >> Challenge [ArmorCaptcha] Submit the challenge - ladybug(ResNet)_model: 0.01s
2022-12-30 04:25:13.401 | DEBUG    | hcaptcha_challenger.core:log:315 - >> Challenge [ArmorCaptcha] 获取响应 - desc=继续挑战(continue)
2022-12-30 04:25:15.417 | DEBUG    | hcaptcha_challenger.core:log:315 - >> Challenge [ArmorCaptcha] Get label - label=「瓢虫」
2022-12-30 04:25:15.417 | DEBUG    | hcaptcha_challenger.core:log:315 - >> Challenge [ArmorCaptcha] 正在编排索引
2022-12-30 04:25:15.846 | DEBUG    | hcaptcha_challenger.core:log:315 - >> Challenge [ArmorCaptcha] 正在下载挑战图片
2022-12-30 04:25:17.004 | DEBUG    | hcaptcha_challenger.core:log:315 - >> Challenge [ArmorCaptcha] Download challenge images - timeit=1.16s
2022-12-30 04:25:18.840 | DEBUG    | hcaptcha_challenger.core:log:315 - >> Challenge [ArmorCaptcha] Submit the challenge - ladybug(ResNet)_model: 0.01s
2022-12-30 04:25:18.858 | DEBUG    | hcaptcha_challenger.core:log:315 - >> Challenge [ArmorCaptcha] Checkout - status=再试一次
2022-12-30 04:25:18.858 | DEBUG    | hcaptcha_challenger.core:log:315 - >> Challenge [ArmorCaptcha] 获取响应 - desc=继续挑战(continue)
2022-12-30 04:25:20.861 | INFO     | services.bricklayer.core:login:491 - >> MATCH [CookieManager] 刷新令牌
2022-12-30 04:25:29.278 | INFO     | services.bricklayer.core:login:526 - >> MATCH [CookieManager] 实体信息注入完毕
2022-12-30 04:25:29.278 | INFO     | services.bricklayer.core:fall_in_captcha_login:36 - >> ARMOR [ArmorUtils] 正在检测隐藏在登录界面的人机挑战...
2022-12-30 04:25:31.424 | DEBUG    | hcaptcha_challenger.core:log:315 - >> Challenge [ArmorCaptcha] Get label - label=「玫瑰」
2022-12-30 04:25:31.425 | DEBUG    | hcaptcha_challenger.core:log:315 - >> Challenge [ArmorCaptcha] 正在编排索引
2022-12-30 04:25:31.813 | DEBUG    | hcaptcha_challenger.core:log:315 - >> Challenge [ArmorCaptcha] 正在下载挑战图片
2022-12-30 04:25:32.951 | DEBUG    | hcaptcha_challenger.core:log:315 - >> Challenge [ArmorCaptcha] Download challenge images - timeit=1.14s
2022-12-30 04:25:32.954 | DEBUG    | hcaptcha_challenger._solutions.kernel:_request_asset:320 - Downloading rose.onnx from https://github.com/QIN2DIM/hcaptcha-challenger/releases/download/model/rose.onnx
2022-12-30 04:25:35.114 | DEBUG    | hcaptcha_challenger.core:log:315 - >> Challenge [ArmorCaptcha] Submit the challenge - rose(ResNet)_model: 0.48s
2022-12-30 04:25:35.125 | DEBUG    | hcaptcha_challenger.core:log:315 - >> Challenge [ArmorCaptcha] 获取响应 - desc=继续挑战(continue)
2022-12-30 04:25:37.143 | DEBUG    | hcaptcha_challenger.core:log:315 - >> Challenge [ArmorCaptcha] Get label - label=「玫瑰」
2022-12-30 04:25:37.143 | DEBUG    | hcaptcha_challenger.core:log:315 - >> Challenge [ArmorCaptcha] 正在编排索引
2022-12-30 04:25:37.520 | DEBUG    | hcaptcha_challenger.core:log:315 - >> Challenge [ArmorCaptcha] 正在下载挑战图片
2022-12-30 04:25:38.660 | DEBUG    | hcaptcha_challenger.core:log:315 - >> Challenge [ArmorCaptcha] Download challenge images - timeit=1.14s
2022-12-30 04:25:40.006 | DEBUG    | hcaptcha_challenger.core:log:315 - >> Challenge [ArmorCaptcha] Submit the challenge - rose(ResNet)_model: 0.01s
2022-12-30 04:25:40.022 | DEBUG    | hcaptcha_challenger.core:log:315 - >> Challenge [ArmorCaptcha] Checkout - status=再试一次
2022-12-30 04:25:40.023 | DEBUG    | hcaptcha_challenger.core:log:315 - >> Challenge [ArmorCaptcha] 获取响应 - desc=继续挑战(continue)
2022-12-30 04:25:42.026 | INFO     | services.bricklayer.core:login:491 - >> MATCH [CookieManager] 刷新令牌
2022-12-30 04:25:53.064 | INFO     | services.bricklayer.core:login:526 - >> MATCH [CookieManager] 实体信息注入完毕
2022-12-30 04:25:53.064 | INFO     | services.bricklayer.core:fall_in_captcha_login:36 - >> ARMOR [ArmorUtils] 正在检测隐藏在登录界面的人机挑战...
2022-12-30 04:25:55.187 | DEBUG    | hcaptcha_challenger.core:log:315 - >> Challenge [ArmorCaptcha] Get label - label=「瓢虫」
2022-12-30 04:25:55.187 | DEBUG    | hcaptcha_challenger.core:log:315 - >> Challenge [ArmorCaptcha] 正在编排索引
2022-12-30 04:25:55.636 | DEBUG    | hcaptcha_challenger.core:log:315 - >> Challenge [ArmorCaptcha] 正在下载挑战图片
2022-12-30 04:25:56.809 | DEBUG    | hcaptcha_challenger.core:log:315 - >> Challenge [ArmorCaptcha] Download challenge images - timeit=1.17s
2022-12-30 04:25:58.623 | DEBUG    | hcaptcha_challenger.core:log:315 - >> Challenge [ArmorCaptcha] Submit the challenge - ladybug(ResNet)_model: 0.01s
2022-12-30 04:25:58.632 | DEBUG    | hcaptcha_challenger.core:log:315 - >> Challenge [ArmorCaptcha] 获取响应 - desc=继续挑战(continue)
2022-12-30 04:26:00.649 | DEBUG    | hcaptcha_challenger.core:log:315 - >> Challenge [ArmorCaptcha] Get label - label=「瓢虫」
2022-12-30 04:26:00.649 | DEBUG    | hcaptcha_challenger.core:log:315 - >> Challenge [ArmorCaptcha] 正在编排索引
2022-12-30 04:26:01.059 | DEBUG    | hcaptcha_challenger.core:log:315 - >> Challenge [ArmorCaptcha] 正在下载挑战图片
2022-12-30 04:26:02.180 | DEBUG    | hcaptcha_challenger.core:log:315 - >> Challenge [ArmorCaptcha] Download challenge images - timeit=1.12s
2022-12-30 04:26:04.018 | DEBUG    | hcaptcha_challenger.core:log:315 - >> Challenge [ArmorCaptcha] Submit the challenge - ladybug(ResNet)_model: 0.01s
2022-12-30 04:26:04.038 | DEBUG    | hcaptcha_challenger.core:log:315 - >> Challenge [ArmorCaptcha] Checkout - status=再试一次
2022-12-30 04:26:04.038 | DEBUG    | hcaptcha_challenger.core:log:315 - >> Challenge [ArmorCaptcha] 获取响应 - desc=继续挑战(continue)
2022-12-30 04:26:06.042 | INFO     | services.bricklayer.core:login:491 - >> MATCH [CookieManager] 刷新令牌
2022-12-30 04:26:17.293 | INFO     | services.bricklayer.core:login:526 - >> MATCH [CookieManager] 实体信息注入完毕
2022-12-30 04:26:17.293 | INFO     | services.bricklayer.core:fall_in_captcha_login:36 - >> ARMOR [ArmorUtils] 正在检测隐藏在登录界面的人机挑战...
2022-12-30 04:26:19.468 | DEBUG    | hcaptcha_challenger.core:log:315 - >> Challenge [ArmorCaptcha] Get label - label=「瓢虫」
2022-12-30 04:26:19.469 | DEBUG    | hcaptcha_challenger.core:log:315 - >> Challenge [ArmorCaptcha] 正在编排索引
2022-12-30 04:26:19.904 | DEBUG    | hcaptcha_challenger.core:log:315 - >> Challenge [ArmorCaptcha] 正在下载挑战图片
2022-12-30 04:26:21.006 | DEBUG    | hcaptcha_challenger.core:log:315 - >> Challenge [ArmorCaptcha] Download challenge images - timeit=1.1s
2022-12-30 04:26:22.820 | DEBUG    | hcaptcha_challenger.core:log:315 - >> Challenge [ArmorCaptcha] Submit the challenge - ladybug(ResNet)_model: 0.01s
2022-12-30 04:26:22.831 | DEBUG    | hcaptcha_challenger.core:log:315 - >> Challenge [ArmorCaptcha] 获取响应 - desc=继续挑战(continue)
2022-12-30 04:26:24.848 | DEBUG    | hcaptcha_challenger.core:log:315 - >> Challenge [ArmorCaptcha] Get label - label=「瓢虫」
2022-12-30 04:26:24.848 | DEBUG    | hcaptcha_challenger.core:log:315 - >> Challenge [ArmorCaptcha] 正在编排索引
2022-12-30 04:26:25.271 | DEBUG    | hcaptcha_challenger.core:log:315 - >> Challenge [ArmorCaptcha] 正在下载挑战图片
2022-12-30 04:26:26.357 | DEBUG    | hcaptcha_challenger.core:log:315 - >> Challenge [ArmorCaptcha] Download challenge images - timeit=1.09s
2022-12-30 04:26:28.196 | DEBUG    | hcaptcha_challenger.core:log:315 - >> Challenge [ArmorCaptcha] Submit the challenge - ladybug(ResNet)_model: 0.01s
2022-12-30 04:26:28.217 | DEBUG    | hcaptcha_challenger.core:log:315 - >> Challenge [ArmorCaptcha] Checkout - status=再试一次
2022-12-30 04:26:28.217 | DEBUG    | hcaptcha_challenger.core:log:315 - >> Challenge [ArmorCaptcha] 获取响应 - desc=继续挑战(continue)
2022-12-30 04:26:30.220 | INFO     | services.bricklayer.core:login:491 - >> MATCH [CookieManager] 刷新令牌
2022-12-30 04:26:41.522 | INFO     | services.bricklayer.core:login:526 - >> MATCH [CookieManager] 实体信息注入完毕
2022-12-30 04:26:41.523 | INFO     | services.bricklayer.core:fall_in_captcha_login:36 - >> ARMOR [ArmorUtils] 正在检测隐藏在登录界面的人机挑战...
2022-12-30 04:26:43.686 | DEBUG    | hcaptcha_challenger.core:log:315 - >> Challenge [ArmorCaptcha] Get label - label=「玫瑰」
2022-12-30 04:26:43.686 | DEBUG    | hcaptcha_challenger.core:log:315 - >> Challenge [ArmorCaptcha] 正在编排索引
2022-12-30 04:26:44.112 | DEBUG    | hcaptcha_challenger.core:log:315 - >> Challenge [ArmorCaptcha] 正在下载挑战图片
2022-12-30 04:26:45.303 | DEBUG    | hcaptcha_challenger.core:log:315 - >> Challenge [ArmorCaptcha] Download challenge images - timeit=1.19s
2022-12-30 04:26:46.666 | DEBUG    | hcaptcha_challenger.core:log:315 - >> Challenge [ArmorCaptcha] Submit the challenge - rose(ResNet)_model: 0.01s
2022-12-30 04:26:46.677 | DEBUG    | hcaptcha_challenger.core:log:315 - >> Challenge [ArmorCaptcha] 获取响应 - desc=继续挑战(continue)
2022-12-30 04:26:48.701 | DEBUG    | hcaptcha_challenger.core:log:315 - >> Challenge [ArmorCaptcha] Get label - label=「玫瑰」
2022-12-30 04:26:48.701 | DEBUG    | hcaptcha_challenger.core:log:315 - >> Challenge [ArmorCaptcha] 正在编排索引
2022-12-30 04:26:49.092 | DEBUG    | hcaptcha_challenger.core:log:315 - >> Challenge [ArmorCaptcha] 正在下载挑战图片
2022-12-30 04:26:50.232 | DEBUG    | hcaptcha_challenger.core:log:315 - >> Challenge [ArmorCaptcha] Download challenge images - timeit=1.14s
2022-12-30 04:26:52.036 | DEBUG    | hcaptcha_challenger.core:log:315 - >> Challenge [ArmorCaptcha] Submit the challenge - rose(ResNet)_model: 0.01s
2022-12-30 04:26:52.054 | DEBUG    | hcaptcha_challenger.core:log:315 - >> Challenge [ArmorCaptcha] Checkout - status=再试一次
2022-12-30 04:26:52.055 | DEBUG    | hcaptcha_challenger.core:log:315 - >> Challenge [ArmorCaptcha] 获取响应 - desc=继续挑战(continue)
2022-12-30 04:26:54.058 | INFO     | services.bricklayer.core:login:491 - >> MATCH [CookieManager] 刷新令牌
2022-12-30 04:27:02.192 | INFO     | services.bricklayer.core:login:526 - >> MATCH [CookieManager] 实体信息注入完毕
2022-12-30 04:27:02.192 | INFO     | services.bricklayer.core:fall_in_captcha_login:36 - >> ARMOR [ArmorUtils] 正在检测隐藏在登录界面的人机挑战...
2022-12-30 04:27:04.320 | DEBUG    | hcaptcha_challenger.core:log:315 - >> Challenge [ArmorCaptcha] Get label - label=「玫瑰」
2022-12-30 04:27:04.320 | DEBUG    | hcaptcha_challenger.core:log:315 - >> Challenge [ArmorCaptcha] 正在编排索引
2022-12-30 04:27:04.750 | DEBUG    | hcaptcha_challenger.core:log:315 - >> Challenge [ArmorCaptcha] 正在下载挑战图片
2022-12-30 04:27:05.889 | DEBUG    | hcaptcha_challenger.core:log:315 - >> Challenge [ArmorCaptcha] Download challenge images - timeit=1.14s
2022-12-30 04:27:07.551 | DEBUG    | hcaptcha_challenger.core:log:315 - >> Challenge [ArmorCaptcha] Submit the challenge - rose(ResNet)_model: 0.01s
2022-12-30 04:27:07.561 | DEBUG    | hcaptcha_challenger.core:log:315 - >> Challenge [ArmorCaptcha] 获取响应 - desc=继续挑战(continue)
2022-12-30 04:27:09.576 | DEBUG    | hcaptcha_challenger.core:log:315 - >> Challenge [ArmorCaptcha] Get label - label=「玫瑰」
2022-12-30 04:27:09.576 | DEBUG    | hcaptcha_challenger.core:log:315 - >> Challenge [ArmorCaptcha] 正在编排索引
2022-12-30 04:27:09.972 | DEBUG    | hcaptcha_challenger.core:log:315 - >> Challenge [ArmorCaptcha] 正在下载挑战图片
2022-12-30 04:27:11.105 | DEBUG    | hcaptcha_challenger.core:log:315 - >> Challenge [ArmorCaptcha] Download challenge images - timeit=1.13s
2022-12-30 04:27:12.487 | DEBUG    | hcaptcha_challenger.core:log:315 - >> Challenge [ArmorCaptcha] Submit the challenge - rose(ResNet)_model: 0.01s
2022-12-30 04:27:12.505 | DEBUG    | hcaptcha_challenger.core:log:315 - >> Challenge [ArmorCaptcha] Checkout - status=再试一次
2022-12-30 04:27:12.506 | DEBUG    | hcaptcha_challenger.core:log:315 - >> Challenge [ArmorCaptcha] 获取响应 - desc=继续挑战(continue)
2022-12-30 04:27:14.509 | CRITICAL | services.bricklayer.core:refresh_ctx_cookies:717 - >> MISS [CookieManager] Identity token update failed
2022-12-30 04:27:19.882 | INFO     | services.bricklayer.core:load_ctx_cookies:659 - >> LOAD [CookieManager] Load context cookie
2022-12-30 04:27:19.882 | INFO     | services.explorer.explorer:get_oder_history:216 - 初始化订单数据
2022-12-30 04:27:20.244 | ERROR    | services.explorer.explorer:get_order_history:142 - Failed to get order history, cookie may have expired
Traceback (most recent call last):
  File "/home/runner/work/free/free/epic/src/main.py", line 11, in <module>
    Fire(Scaffold)
  File "/opt/hostedtoolcache/Python/3.10.9/x64/lib/python3.10/site-packages/fire/core.py", line 141, in Fire
    component_trace = _Fire(component, args, parsed_flag_args, context, name)
  File "/opt/hostedtoolcache/Python/3.10.9/x64/lib/python3.10/site-packages/fire/core.py", line 466, in _Fire
    component, remaining_args = _CallAndUpdateTrace(
  File "/opt/hostedtoolcache/Python/3.10.9/x64/lib/python3.10/site-packages/fire/core.py", line 681, in _CallAndUpdateTrace
    component = fn(*varargs, **kwargs)
  File "/home/runner/work/free/free/epic/src/services/scaffold.py", line 138, in claim
    claimer.run(silence=silence, log_ignore=ignore, unreal=unreal)
  File "/home/runner/work/free/free/epic/src/apis/scaffold/claimer.py", line 26, in run
    ClaimerScheduler(silence=silence, unreal=unreal).job_loop_claim(log_ignore)
  File "/home/runner/work/free/free/epic/src/services/deploy.py", line 112, in job_loop_claim
    claimer.just_do_it()
  File "/home/runner/work/free/free/epic/src/services/deploy.py", line 309, in just_do_it
    fire(
  File "/home/runner/work/free/free/epic/src/services/utils/toolbox.py", line 84, in fire
    container(context)
  File "/home/runner/work/free/free/epic/src/services/deploy.py", line 301, in run
    promotions = self.preload()
  File "/home/runner/work/free/free/epic/src/services/deploy.py", line 269, in preload
    self.ph.get_oder_history(ctx_cookies=self._ctx_cookies)
  File "/home/runner/work/free/free/epic/src/services/explorer/explorer.py", line 219, in get_oder_history
    if resp := explorer.get_order_history(ctx_cookies):
> File "/home/runner/work/free/free/epic/src/services/explorer/explorer.py", line 140, in get_order_history
    raise RequestException("Failed to get order history, cookie may have expired")
requests.exceptions.RequestException: Failed to get order history, cookie may have expired
2022-12-30 04:27:20.444 | DEBUG    | services.deploy:preload:286 - >> Checkout [GameClaimer] Eximius: Seize the Frontline - state=待认领 link=https://store.epicgames.com/zh-CN/p/eximius-seize-the-frontline
2022-12-30 04:27:20.445 | DEBUG    | services.deploy:preload:286 - >> Checkout [GameClaimer] Dishonored - Definitive Edition - state=待认领 link=https://store.epicgames.com/zh-CN/p/dishonored-definitive-edition
2022-12-30 04:27:24.427 | DEBUG    | services.bricklayer.game:purchase_status:113 - >> Checkout [GameClaimer] Eximius: Seize the Frontline - state=获取 link=https://store.epicgames.com/zh-CN/p/eximius-seize-the-frontline
2022-12-30 04:27:24.939 | INFO     | services.bricklayer.game:get_free_game:152 - [🔖] 已激活商品页零元购订单
2022-12-30 04:27:24.952 | DEBUG    | services.bricklayer.core:cart_handle_payment:556 - [🛵] 处理购物订单...
2022-12-30 04:28:00.141 | ERROR    | services.scaffold:claim:138 - An error has been caught in function 'claim', process 'MainProcess' (1968), thread 'MainThread' (140174357761088):
Traceback (most recent call last):
  File "/home/runner/work/free/free/epic/src/main.py", line 11, in <module>
    Fire(Scaffold)
  File "/opt/hostedtoolcache/Python/3.10.9/x64/lib/python3.10/site-packages/fire/core.py", line 141, in Fire
    component_trace = _Fire(component, args, parsed_flag_args, context, name)
  File "/opt/hostedtoolcache/Python/3.10.9/x64/lib/python3.10/site-packages/fire/core.py", line 466, in _Fire
    component, remaining_args = _CallAndUpdateTrace(
  File "/opt/hostedtoolcache/Python/3.10.9/x64/lib/python3.10/site-packages/fire/core.py", line 681, in _CallAndUpdateTrace
    component = fn(*varargs, **kwargs)
> File "/home/runner/work/free/free/epic/src/services/scaffold.py", line 138, in claim
    claimer.run(silence=silence, log_ignore=ignore, unreal=unreal)
  File "/home/runner/work/free/free/epic/src/apis/scaffold/claimer.py", line 26, in run
    ClaimerScheduler(silence=silence, unreal=unreal).job_loop_claim(log_ignore)
  File "/home/runner/work/free/free/epic/src/services/deploy.py", line 112, in job_loop_claim
    claimer.just_do_it()
  File "/home/runner/work/free/free/epic/src/services/deploy.py", line 309, in just_do_it
    fire(
  File "/home/runner/work/free/free/epic/src/services/utils/toolbox.py", line 84, in fire
    container(context)
  File "/home/runner/work/free/free/epic/src/services/deploy.py", line 305, in run
    result = empower_games_claimer(self.bricklayer, promotion.url, page, pattern="get")
  File "/home/runner/work/free/free/epic/src/services/bricklayer/game.py", line 170, in empower_games_claimer
    return claimer.get_free_game(page_link=page_link, page=page, pattern=pattern)
  File "/home/runner/work/free/free/epic/src/services/bricklayer/game.py", line 157, in get_free_game
    self.cart_handle_payment(page)  # mode: get
  File "/home/runner/work/free/free/epic/src/services/bricklayer/core.py", line 557, in cart_handle_payment
    if self._click_order_button(page):  # cart_handle_payment
  File "/home/runner/work/free/free/epic/src/services/bricklayer/core.py", line 456, in _click_order_button
    payment_btn.click()
  File "/opt/hostedtoolcache/Python/3.10.9/x64/lib/python3.10/site-packages/playwright/sync_api/_generated.py", line 13519, in click
    self._sync(
  File "/opt/hostedtoolcache/Python/3.10.9/x64/lib/python3.10/site-packages/playwright/_impl/_sync_base.py", line 104, in _sync
    return task.result()
  File "/opt/hostedtoolcache/Python/3.10.9/x64/lib/python3.10/site-packages/playwright/_impl/_locator.py", line 149, in click
    return await self._frame.click(self._selector, strict=True, **params)
  File "/opt/hostedtoolcache/Python/3.10.9/x64/lib/python3.10/site-packages/playwright/_impl/_frame.py", line 484, in click
    await self._channel.send("click", locals_to_params(locals()))
  File "/opt/hostedtoolcache/Python/3.10.9/x64/lib/python3.10/site-packages/playwright/_impl/_connection.py", line 43, in send
    return await self._connection.wrap_api_call(
  File "/opt/hostedtoolcache/Python/3.10.9/x64/lib/python3.10/site-packages/playwright/_impl/_connection.py", line 396, in wrap_api_call
    return await cb()
  File "/opt/hostedtoolcache/Python/3.10.9/x64/lib/python3.10/site-packages/playwright/_impl/_connection.py", line 78, in inner_send
    result = next(iter(done)).result()
playwright._impl._api_types.TimeoutError: Timeout 30000ms exceeded.
=========================== logs ===========================
  waiting for frame "xpath=//div[@id='webPurchaseContainer']//iframe"
============================================================
